[0mGET /api/products [36m304[0m 33.448 ms - -[0m
[0mGET /api/products/623c72df0ee662f8209d2974 [36m304[0m 20.546 ms - -[0m
[0mGET /api/products/623c72df0ee662f8209d2974 [36m304[0m 9.191 ms - -[0m
[0mPOST /api/users/signIn [32m200[0m 351.818 ms - 775[0m
[0mGET /api/products [36m304[0m 6.489 ms - -[0m
[0mGET /api/products [36m304[0m 6.922 ms - -[0m
[0mGET /api/products [36m304[0m 5.564 ms - -[0m
[0mPOST /api/users/signIn [32m200[0m 322.776 ms - 775[0m
[0mGET /api/products [36m304[0m 2.826 ms - -[0m
[0mGET /order [33m404[0m 1.260 ms - 144[0m
[0mPOST /order [33m404[0m 0.477 ms - 145[0m
[0mPOST /order [33m404[0m 0.586 ms - 145[0m
[0mPOST /order [33m404[0m 0.323 ms - 145[0m
[0mPOST /order [33m404[0m 2.946 ms - 145[0m
[0mPOST /api/orders/order [0m-[0m - ms - -[0m
[0mPOST /api/orders/order [0m-[0m - ms - -[0m
[0mPOST /api/orders/order [31m500[0m 6.054 ms - 12[0m
[0mPOST /api/orders/order [33m401[0m 2.755 ms - 31[0m
[0mPOST /api/orders/order [33m401[0m 1.400 ms - 31[0m
[0mPOST /api/orders/order [33m401[0m 4.245 ms - 31[0m
[0mPOST /api/orders/order [31m500[0m 6.041 ms - 12[0m
[0mPOST /api/orders/order [31m500[0m 1.835 ms - 12[0m
[0mPOST /api/orders/order [31m500[0m 1.442 ms - 12[0m
[0mPOST /api/orders/order [31m500[0m 11.108 ms - 12[0m
[0mPOST /api/orders/order [31m500[0m 12.242 ms - 12[0m
[0mPOST /api/orders/order [31m500[0m 11.909 ms - 30[0m
[0mPOST /api/orders/order [31m500[0m 13.893 ms - 58[0m
[0mPOST /api/orders/order [31m500[0m 12.552 ms - 58[0m
[0mPOST /api/orders/order [31m500[0m 13.480 ms - 50[0m
[0mPOST /api/orders/order [31m500[0m 12.684 ms - 50[0m
[0mPOST /api/orders/order [31m500[0m 6.269 ms - 50[0m
[0mPOST /api/orders/order [31m500[0m 5.970 ms - 50[0m
[0mPOST /api/orders/order [31m500[0m 3.237 ms - 50[0m
[0mPOST /api/orders/order [31m500[0m 1.125 ms - 50[0m
[0mPOST /api/orders/order [31m500[0m 6.319 ms - 87[0m
[0mPOST /api/orders/order [31m500[0m 5.778 ms - 87[0m
[0mPOST /api/orders/order [31m500[0m 1.706 ms - 87[0m
[0mPOST /api/orders/order [31m500[0m 7.116 ms - 50[0m
[0mPOST /api/orders/order [31m500[0m 5.767 ms - 50[0m
[0mPOST /api/orders/order [31m500[0m 1.491 ms - 50[0m
[0mPOST /api/orders/order [31m500[0m 8.030 ms - 46[0m
[0mPOST /api/orders/order [31m500[0m 7.599 ms - 46[0m
[0mPOST /api/orders/order [31m500[0m 2.953 ms - 87[0m
[0mPOST /api/orders/order [31m500[0m 1.989 ms - 87[0m
[0mPOST /api/orders/order [31m500[0m 2.306 ms - 87[0m
[0mPOST /api/orders/order [0m-[0m - ms - -[0m
[0mPOST /api/orders/order [0m-[0m - ms - -[0m
[0mPOST /api/orders/order [0m-[0m - ms - -[0m
[0mPOST /api/orders/order [31m500[0m 7.021 ms - 87[0m
[0mPOST /api/orders/order [31m500[0m 11.602 ms - 87[0m
[0mGET /api/products [36m304[0m 18.275 ms - -[0m
[0mGET /api/products [36m304[0m 8.091 ms - -[0m
[0mGET /api/products/623c72df0ee662f8209d2972 [36m304[0m 15.602 ms - -[0m
[0mGET /api/products/623c72df0ee662f8209d2972 [36m304[0m 6.839 ms - -[0m
[0mGET /api/products/623c72df0ee662f8209d2972 [36m304[0m 8.585 ms - -[0m
[0mGET /api/products/623c72df0ee662f8209d2972 [36m304[0m 8.851 ms - -[0m
[0mGET /api/products [36m304[0m 5.496 ms - -[0m
[0mGET /api/products [36m304[0m 6.498 ms - -[0m
[0mGET /api/products/623c72df0ee662f8209d2973 [36m304[0m 7.498 ms - -[0m
[0mGET /api/products [36m304[0m 3.206 ms - -[0m
[0mGET /api/products/623c72df0ee662f8209d2972 [36m304[0m 7.391 ms - -[0m
[0mGET /api/products/623c72df0ee662f8209d2972 [36m304[0m 6.897 ms - -[0m
[0mPOST /api/orders/order [31m500[0m 1.467 ms - 50[0m
[0mGET /api/products [36m304[0m 8.411 ms - -[0m
[0mPOST /api/users/signIn [32m200[0m 347.213 ms - 775[0m
[0mGET /api/products [36m304[0m 4.030 ms - -[0m
[0mGET /api/products [36m304[0m 4.065 ms - -[0m
[0mGET /api/products [36m304[0m 5.075 ms - -[0m
[0mGET /api/products [36m304[0m 3.329 ms - -[0m
[0mGET /api/products [36m304[0m 27.104 ms - -[0m
[0mGET /api/products [36m304[0m 4.033 ms - -[0m
[0mGET /api/products [36m304[0m 7.412 ms - -[0m
[0mGET /api/products [36m304[0m 4.644 ms - -[0m
[0mGET /api/products/623c72df0ee662f8209d2974 [36m304[0m 19.623 ms - -[0m
[0mGET /api/products/623c72df0ee662f8209d2974 [36m304[0m 6.332 ms - -[0m
[0mPOST /api/users/signIn [32m200[0m 318.598 ms - 775[0m
[0mPOST /api/orders/order [31m500[0m 16.595 ms - 151[0m
[0mGET /api/products [36m304[0m 17.605 ms - -[0m
[0mPOST /api/orders/order [31m500[0m 22.722 ms - 151[0m
[0mGET /api/products [36m304[0m 8.309 ms - -[0m
[0mGET /api/products/623c72df0ee662f8209d2973 [36m304[0m 12.272 ms - -[0m
[0mGET /api/products [36m304[0m 5.908 ms - -[0m
[0mPOST /api/orders/order [31m500[0m 9.901 ms - 151[0m
[0mPOST /api/orders/order [31m500[0m 8.537 ms - 151[0m
[0mPOST /api/orders/order [31m500[0m 4.896 ms - 151[0m
[0mPOST /api/orders/order [31m500[0m 6.845 ms - 151[0m
[0mPOST /api/orders/order [31m500[0m 5.232 ms - 151[0m
[0mPOST /api/orders/order [31m500[0m 3.546 ms - 151[0m
[0mPOST /api/orders/order [31m500[0m 4.297 ms - 151[0m
[0mPOST /api/orders/order [31m500[0m 4.552 ms - 151[0m
[0mPOST /api/orders/order [31m500[0m 3.042 ms - 151[0m
[0mPOST /api/orders/order [31m500[0m 4.130 ms - 151[0m
[0mPOST /api/orders/order [31m500[0m 3.573 ms - 151[0m
[0mPOST /api/orders/order [31m500[0m 2.651 ms - 151[0m
[0mPOST /api/orders/order [31m500[0m 33.609 ms - 151[0m
[0mPOST /api/orders/order [31m500[0m 5.451 ms - 151[0m
[0mPOST /api/orders/order [31m500[0m 195.429 ms - 151[0m
[0mPOST /api/orders/order [31m500[0m 225.347 ms - 151[0m
[0mPOST /api/orders/order [31m500[0m 163.029 ms - 151[0m
[0mPOST /api/orders/order [31m500[0m 143.948 ms - 87[0m
[0mPOST /api/orders/order [31m500[0m 158.261 ms - 87[0m
[0mPOST /api/orders/order [31m500[0m 13.166 ms - 87[0m
[0mPOST /api/orders/order [31m500[0m 11.106 ms - 87[0m
[0mPOST /api/orders/order [31m500[0m 9.200 ms - 87[0m
[0mPOST /api/orders/order [31m500[0m 6.162 ms - 87[0m
[0mPOST /api/orders/order [31m500[0m 1.621 ms - 87[0m
[0mPOST /api/orders/order [31m500[0m 48.373 ms - 151[0m
[0mPOST /api/orders/order [31m500[0m 38.984 ms - 107[0m
[0mPOST /api/orders/order [31m500[0m 49.182 ms - 107[0m
[0mPOST /api/orders/order [31m500[0m 40.977 ms - 289[0m
[0mPOST /api/orders/order [31m500[0m 13.337 ms - 238[0m
[0mGET /api/products [36m304[0m 18.950 ms - -[0m
[0mGET /api/products/623c72df0ee662f8209d2972 [36m304[0m 10.015 ms - -[0m
[0mGET /api/products [36m304[0m 5.763 ms - -[0m
[0mGET /api/products/623c72df0ee662f8209d2973 [36m304[0m 7.366 ms - -[0m
[0mGET /api/products [36m304[0m 4.362 ms - -[0m
[0mGET /api/products/623c72df0ee662f8209d2975 [32m200[0m 8.792 ms - 327[0m
[0mGET /api/products/623c72df0ee662f8209d2975 [36m304[0m 6.202 ms - -[0m
[0mPOST /api/orders/order [31m500[0m 11.622 ms - 238[0m
[0mPOST /api/orders/order [32m201[0m 51.503 ms - 659[0m
[0mPOST /api/orders/order [32m201[0m 53.455 ms - 659[0m
[0mGET /api/products [36m304[0m 11.791 ms - -[0m
[0mGET /api/products/623c72df0ee662f8209d2972 [36m304[0m 10.070 ms - -[0m
[0mGET /api/products/623c72df0ee662f8209d2972 [36m304[0m 7.919 ms - -[0m
[0mPOST /api/orders/order [32m201[0m 14.913 ms - 554[0m
[0mGET /api/products [36m304[0m 6.266 ms - -[0m
[0mGET /api/products/623c72df0ee662f8209d2971 [36m304[0m 6.777 ms - -[0m
[0mGET /api/products/623c72df0ee662f8209d2971 [36m304[0m 7.989 ms - -[0m
[0mPOST /api/orders/order [32m201[0m 15.438 ms - 552[0m
[0mPOST /api/orders/order [32m201[0m 10.438 ms - 552[0m
[0mPOST /api/orders/order [32m201[0m 10.227 ms - 552[0m
[0mPOST /api/orders/order [32m201[0m 16.129 ms - 552[0m
[0mPOST /api/orders/order [32m201[0m 11.189 ms - 552[0m
[0mPOST /api/orders/order [32m201[0m 12.020 ms - 552[0m
[0mPOST /api/orders/order [32m201[0m 19.707 ms - 552[0m
